2025-05-21 10:17:06,913 - middleware - INFO - Incoming request: GET /
2025-05-21 10:17:06,939 - middleware - INFO - Outgoing response code: 200
2025-05-21 10:17:07,051 - middleware - INFO - Incoming request: GET /movies
2025-05-21 10:17:07,052 - middleware - INFO - Incoming request: GET /popular_queries
2025-05-21 10:17:07,323 - middleware - INFO - Outgoing response code: 200
2025-05-21 10:17:07,323 - middleware - INFO - Outgoing response code: 200
2025-05-21 10:17:08,764 - middleware - INFO - Incoming request: POST /log_query
2025-05-21 10:17:08,794 - middleware - INFO - Outgoing response code: 200
2025-05-21 10:17:08,798 - middleware - INFO - Incoming request: GET /movies
2025-05-21 10:17:08,818 - middleware - INFO - Outgoing response code: 200
2025-05-21 10:17:08,861 - middleware - INFO - Incoming request: GET /popular_queries
2025-05-21 10:17:08,889 - middleware - INFO - Outgoing response code: 200
2025-05-21 10:17:09,348 - middleware - INFO - Incoming request: POST /log_query
2025-05-21 10:17:09,368 - middleware - INFO - Outgoing response code: 200
2025-05-21 10:17:09,372 - middleware - INFO - Incoming request: GET /movies
2025-05-21 10:17:09,393 - middleware - INFO - Outgoing response code: 200
2025-05-21 10:17:09,455 - middleware - INFO - Incoming request: GET /popular_queries
2025-05-21 10:17:09,488 - middleware - INFO - Outgoing response code: 200
2025-05-21 10:17:10,428 - middleware - INFO - Incoming request: POST /log_query
2025-05-21 10:17:10,445 - middleware - INFO - Outgoing response code: 200
2025-05-21 10:17:10,450 - middleware - INFO - Incoming request: GET /movies
2025-05-21 10:17:10,464 - middleware - INFO - Outgoing response code: 200
2025-05-21 10:17:10,476 - middleware - INFO - Incoming request: GET /popular_queries
2025-05-21 10:17:10,496 - middleware - INFO - Outgoing response code: 200
2025-05-21 10:17:12,620 - middleware - INFO - Incoming request: POST /log_query
2025-05-21 10:17:12,646 - middleware - INFO - Outgoing response code: 200
2025-05-21 10:17:12,650 - middleware - INFO - Incoming request: GET /movies
2025-05-21 10:17:12,675 - middleware - INFO - Outgoing response code: 200
2025-05-21 10:17:12,704 - middleware - INFO - Incoming request: GET /popular_queries
2025-05-21 10:17:12,738 - middleware - INFO - Outgoing response code: 200
2025-05-21 10:17:17,211 - middleware - INFO - Incoming request: GET /autocomplete
2025-05-21 10:17:17,223 - middleware - INFO - Outgoing response code: 200
2025-05-21 10:17:17,929 - middleware - INFO - Incoming request: POST /log_query
2025-05-21 10:17:17,958 - middleware - INFO - Outgoing response code: 200
2025-05-21 10:17:17,961 - middleware - INFO - Incoming request: GET /movies
2025-05-21 10:17:17,983 - middleware - INFO - Outgoing response code: 200
2025-05-21 10:17:17,989 - middleware - INFO - Incoming request: GET /popular_queries
2025-05-21 10:17:18,009 - middleware - INFO - Outgoing response code: 200
2025-05-21 10:17:19,136 - middleware - INFO - Incoming request: GET /autocomplete
2025-05-21 10:17:19,159 - middleware - INFO - Outgoing response code: 200
2025-05-21 10:17:21,960 - middleware - INFO - Incoming request: POST /log_query
2025-05-21 10:17:21,987 - middleware - INFO - Outgoing response code: 200
2025-05-21 10:17:21,993 - middleware - INFO - Incoming request: GET /movies
2025-05-21 10:17:22,020 - middleware - INFO - Outgoing response code: 200
2025-05-21 10:17:22,031 - middleware - INFO - Incoming request: GET /popular_queries
2025-05-21 10:17:22,058 - middleware - INFO - Outgoing response code: 200
